<?xml version="1.0" encoding="UTF-8"?>
<testsuite xmlns:xsi="http://www.w3.org/2001/XMLSchema-instance" xsi:noNamespaceSchemaLocation="https://maven.apache.org/surefire/maven-surefire-plugin/xsd/surefire-test-report-3.0.xsd" version="3.0" name="CucumberOptions.TestRunner" time="34.803" tests="21" errors="0" skipped="4" failures="0">
  <properties>
[...]
</properties>
  <testcase name="Given Accademy Register page is opened" classname="| Hanh | test1@gmail.com |" time="0">
    <system-err><![CDATA[Starting ChromeDriver 88.0.4324.96 (68dba2d8a0b149a1d3afac56fa74648032bcf46b-refs/branch-heads/4324@{#1784}) on port 32135
Only local connections are allowed.
Please see https://chromedriver.chromium.org/security-considerations for suggestions on keeping ChromeDriver safe.
ChromeDriver was started successfully.
[1615283575.898][WARNING]: This version of ChromeDriver has not been tested with Chrome version 89.
Mar 09, 2021 4:52:55 PM org.openqa.selenium.remote.ProtocolHandshake createSession
INFO: Detected dialect: W3C
]]></system-err>
  </testcase>
  <testcase name="When I input username Hanh and email test1@gmail.com" classname="| Hanh | test1@gmail.com |" time="0"/>
  <testcase name="Then I register suscessfully" classname="| Hanh | test1@gmail.com |" time="0"/>
  <testcase name="And I close browser" classname="| Hanh | test1@gmail.com |" time="0"/>
  <testcase name="" classname="| Hanh | test1@gmail.com |" time="0"/>
  <testcase name="Given Accademy Register page is opened" classname="| Truc | truc@gmail.com |" time="0">
    <system-err><![CDATA[Starting ChromeDriver 88.0.4324.96 (68dba2d8a0b149a1d3afac56fa74648032bcf46b-refs/branch-heads/4324@{#1784}) on port 4407
Only local connections are allowed.
Please see https://chromedriver.chromium.org/security-considerations for suggestions on keeping ChromeDriver safe.
ChromeDriver was started successfully.
[1615283585.149][WARNING]: This version of ChromeDriver has not been tested with Chrome version 89.
Mar 09, 2021 4:53:05 PM org.openqa.selenium.remote.ProtocolHandshake createSession
INFO: Detected dialect: W3C
]]></system-err>
  </testcase>
  <testcase name="When I input username Truc and email truc@gmail.com" classname="| Truc | truc@gmail.com |" time="0"/>
  <testcase name="Then I register suscessfully" classname="| Truc | truc@gmail.com |" time="0"/>
  <testcase name="And I close browser" classname="| Truc | truc@gmail.com |" time="0"/>
  <testcase name="" classname="| Truc | truc@gmail.com |" time="0"/>
  <testcase name="Given Accademy Register page is opened" classname="| A | test1@gmail.com | Name should be at least 2 characters |" time="0">
    <system-err><![CDATA[Starting ChromeDriver 88.0.4324.96 (68dba2d8a0b149a1d3afac56fa74648032bcf46b-refs/branch-heads/4324@{#1784}) on port 38071
Only local connections are allowed.
Please see https://chromedriver.chromium.org/security-considerations for suggestions on keeping ChromeDriver safe.
ChromeDriver was started successfully.
[1615283594.158][WARNING]: This version of ChromeDriver has not been tested with Chrome version 89.
Mar 09, 2021 4:53:14 PM org.openqa.selenium.remote.ProtocolHandshake createSession
INFO: Detected dialect: W3C
]]></system-err>
  </testcase>
  <testcase name="When I input username A and email test1@gmail.com" classname="| A | test1@gmail.com | Name should be at least 2 characters |" time="0"/>
  <testcase name="Then I receive error message Name should be at least 2 characters" classname="| A | test1@gmail.com | Name should be at least 2 characters |" time="0"/>
  <testcase name="And I close browser" classname="| A | test1@gmail.com | Name should be at least 2 characters |" time="0"/>
  <testcase name="" classname="| A | test1@gmail.com | Name should be at least 2 characters |" time="0"/>
  <testcase name="Given Accademy Register page is opened" classname="|  | test1@gmail.com | Name is required |" time="0">
    <system-err><![CDATA[Starting ChromeDriver 88.0.4324.96 (68dba2d8a0b149a1d3afac56fa74648032bcf46b-refs/branch-heads/4324@{#1784}) on port 39618
Only local connections are allowed.
Please see https://chromedriver.chromium.org/security-considerations for suggestions on keeping ChromeDriver safe.
ChromeDriver was started successfully.
[1615283604.992][WARNING]: This version of ChromeDriver has not been tested with Chrome version 89.
Mar 09, 2021 4:53:25 PM org.openqa.selenium.remote.ProtocolHandshake createSession
INFO: Detected dialect: W3C
]]></system-err>
  </testcase>
  <testcase name="When I input username  and email test1@gmail.com" classname="|  | test1@gmail.com | Name is required |" time="0">
    <skipped/>
  </testcase>
  <testcase name="Then I receive error message Name is required" classname="|  | test1@gmail.com | Name is required |" time="0">
    <skipped/>
  </testcase>
  <testcase name="And I close browser" classname="|  | test1@gmail.com | Name is required |" time="0">
    <skipped/>
  </testcase>
  <testcase name="" classname="|  | test1@gmail.com | Name is required |" time="0">
    <skipped/>
  </testcase>
  <testcase name="" classname="|  | test1@gmail.com | Name is required |" time="0"/>
</testsuite>